2025-05-09 23:28:05,541 INFO :: Fetching available trading pairs from Binance.US...
2025-05-09 23:28:05,546 DEBUG :: Starting new HTTPS connection (1): api.binance.us:443
2025-05-09 23:28:05,852 DEBUG :: https://api.binance.us:443 "GET /api/v3/exchangeInfo HTTP/1.1" 200 21072
2025-05-09 23:28:05,865 INFO :: Successfully loaded 576 trading pairs from Binance.US
2025-05-09 23:28:05,865 INFO :: Loaded 576 Binance.US trading pairs
2025-05-09 23:28:05,866 INFO :: Fetching account balances from Binance.US...
2025-05-09 23:28:05,867 DEBUG :: Starting new HTTPS connection (1): api.binance.us:443
2025-05-09 23:28:06,053 DEBUG :: https://api.binance.us:443 "GET /api/v3/account?timestamp=1746854885866&signature=e0ef71d04de5041a428a3dea340b739388580ad3f0861b25256b91b3cf03732a HTTP/1.1" 200 1095
2025-05-09 23:28:06,055 INFO :: Successfully loaded 1 non-zero balances from Binance.US
2025-05-09 23:28:06,055 INFO :: Loaded 1 non-zero balances from Binance.US
2025-05-09 23:28:06,056 INFO :: Starting Binance.US WebSocket connection...
2025-05-09 23:28:06,056 INFO :: BinanceClient initialized successfully with API key: [PROVIDED]
2025-05-09 23:28:06,057 INFO :: Binance.US client initialized
2025-05-09 23:28:06,057 INFO :: API credentials loaded from environment; private endpoints enabled.
2025-05-09 23:28:06,058 DEBUG :: Starting new HTTPS connection (1): api.crypto.com:443
2025-05-09 23:28:06,295 DEBUG :: https://api.crypto.com:443 "GET /exchange/v1/public/get-instruments HTTP/1.1" 200 None
2025-05-09 23:28:06,466 INFO :: Fetched 857 instruments.
2025-05-09 23:28:06,469 INFO :: Loaded 857 trading contracts.
2025-05-09 23:28:06,469 DEBUG :: Signature base string: private/user-balance1746854886469xmBNKBrsqtus3DAeWuoeb81746854886469
2025-05-09 23:28:06,469 DEBUG :: Computed signature: 950c1721a7986547dcecd10739f4b0fac5bc91eb145a944ff5e509f1be0c669a
2025-05-09 23:28:06,469 DEBUG :: RPC payload for private/user-balance: {"id": 1746854886469, "method": "private/user-balance", "api_key": "xmBNKBrsqtus3DAeWuoeb8", "params": {}, "nonce": 1746854886469, "sig": "950c1721a7986547dcecd10739f4b0fac5bc91eb145a944ff5e509f1be0c669a"}
2025-05-09 23:28:06,627 INFO :: Websocket connected
2025-05-09 23:28:06,627 INFO :: Binance.US WebSocket connection established successfully
2025-05-09 23:28:06,628 INFO :: Binance.US market data stream connected
2025-05-09 23:28:06,628 INFO :: Subscribing to bookTicker for 576 contracts...
2025-05-09 23:28:06,629 INFO :: Subscription request sent for 576 contracts
2025-05-09 23:28:06,672 DEBUG :: https://api.crypto.com:443 "POST /exchange/v1/private/user-balance HTTP/1.1" 200 None
2025-05-09 23:28:06,673 DEBUG :: RPC response for private/user-balance: {"id": 1746854886469, "method": "private/user-balance", "code": 0, "result": {"data": [{"total_available_balance": "0", "total_margin_balance": "0", "total_initial_margin": "0.00000000", "total_haircut": "0.00000000", "total_position_im": "0", "total_maintenance_margin": "0", "total_position_cost": "0", "total_cash_balance": "0", "total_session_unrealized_pnl": "0", "instrument_name": "USD", "total_session_realized_pnl": "0", "position_balances": [], "credit_limits": [], "total_effective_leverage": "0", "position_limit": "0", "used_position_limit": "0", "total_borrow": "0", "margin_score": "0", "is_liquidating": false, "has_risk": false, "terminatable": true}]}}
2025-05-09 23:28:06,673 DEBUG :: Raw account summary result: {'data': [{'total_available_balance': '0', 'total_margin_balance': '0', 'total_initial_margin': '0.00000000', 'total_haircut': '0.00000000', 'total_position_im': '0', 'total_maintenance_margin': '0', 'total_position_cost': '0', 'total_cash_balance': '0', 'total_session_unrealized_pnl': '0', 'instrument_name': 'USD', 'total_session_realized_pnl': '0', 'position_balances': [], 'credit_limits': [], 'total_effective_leverage': '0', 'position_limit': '0', 'used_position_limit': '0', 'total_borrow': '0', 'margin_score': '0', 'is_liquidating': False, 'has_risk': False, 'terminatable': True}]}
2025-05-09 23:28:06,673 INFO :: Fetched 1 account balances.
2025-05-09 23:28:06,673 INFO :: Loaded 1 account balances.
2025-05-09 23:28:06,674 INFO :: CryptoExchangeClient initialized.
2025-05-09 23:28:06,674 INFO :: Crypto.com client initialized
